<?xml version="1.0" encoding="UTF-8"?>
<!-- Generated by org.testng.reporters.JUnitXMLReporter -->
<testsuite ignored="8" hostname="MacBook-Pro.local" failures="0" tests="1" name="Default test" time="3.277" errors="0" timestamp="2023-08-06T20:21:15 EDT">
  <testcase classname="api_tests.ExampleAPITests" name="createAPetWithJSONFile" time="2.452"/>
  <testcase classname="api_tests.ExampleAPITests" name="getAPetByID_ChainValidation" time="0.0">
    <ignored/>
  </testcase> <!-- getAPetByID_ChainValidation -->
  <testcase classname="api_tests.ExampleAPITests" name="petNotFound" time="0.0">
    <ignored/>
  </testcase> <!-- petNotFound -->
  <testcase classname="api_tests.ExampleAPITests" name="updateAPet" time="0.0">
    <ignored/>
  </testcase> <!-- updateAPet -->
  <testcase classname="api_tests.ExampleAPITests" name="findPetsByStatus" time="0.0">
    <ignored/>
  </testcase> <!-- findPetsByStatus -->
  <testcase classname="api_tests.ExampleAPITests" name="getAPetByID" time="0.0">
    <ignored/>
  </testcase> <!-- getAPetByID -->
  <testcase classname="api_tests.ExampleAPITests" name="deleteThePet" time="0.0">
    <ignored/>
  </testcase> <!-- deleteThePet -->
  <testcase classname="api_tests.ExampleAPITests" name="findPetsByStatus_providingQueryParam" time="0.0">
    <ignored/>
  </testcase> <!-- findPetsByStatus_providingQueryParam -->
  <testcase classname="api_tests.ExampleAPITests" name="createAPet" time="0.0">
    <ignored/>
  </testcase> <!-- createAPet -->
</testsuite> <!-- Default test -->
