<?xml version="1.0" encoding="UTF-8"?>
<testng-results ignored="0" total="1" passed="1" failed="0" skipped="0">
  <reporter-output>
  </reporter-output>
  <suite started-at="2023-08-06T20:21:11 EDT" name="Default suite" finished-at="2023-08-06T20:21:15 EDT" duration-ms="3277">
    <groups>
    </groups>
    <test started-at="2023-08-06T20:21:11 EDT" name="Default test" finished-at="2023-08-06T20:21:15 EDT" duration-ms="3277">
      <class name="api_tests.ExampleAPITests">
        <test-method is-config="true" signature="setup()[pri:0, instance:api_tests.ExampleAPITests@2ddc9a9f]" started-at="2023-08-06T20:21:11 EDT" name="setup" finished-at="2023-08-06T20:21:12 EDT" duration-ms="779" status="PASS">
          <reporter-output>
          </reporter-output>
        </test-method> <!-- setup -->
        <test-method signature="createAPetWithJSONFile()[pri:0, instance:api_tests.ExampleAPITests@2ddc9a9f]" started-at="2023-08-06T20:21:12 EDT" name="createAPetWithJSONFile" finished-at="2023-08-06T20:21:15 EDT" duration-ms="2452" status="PASS">
          <reporter-output>
          </reporter-output>
        </test-method> <!-- createAPetWithJSONFile -->
      </class> <!-- api_tests.ExampleAPITests -->
    </test> <!-- Default test -->
  </suite> <!-- Default suite -->
</testng-results>
